
> genow-wiki-frontend@0.1.0 dev
> next dev -p 3002 -p 3002

▲ Next.js 16.2.9 (Turbopack)
- Local:         http://localhost:3002
- Network:       http://10.0.41.198:3002
- Environments: .env.local
✓ Ready in 353ms
⚠ Warning: Next.js inferred your workspace root, but it may not be correct.
 We detected multiple lockfiles and selected the directory of /Users/chengwen/package-lock.json as the root directory.
 To silence this warning, set `turbopack.root` in your Next.js config, or consider removing one of the lockfiles if it's not needed.
   See https://nextjs.org/docs/app/api-reference/config/next-config-js/turbopack#root-directory for more information.
 Detected additional lockfiles: 
   * /Users/chengwen/git/genow-wiki/frontend/package-lock.json


○ Compiling / ...
 GET / 200 in 770ms (next.js: 567ms, application-code: 204ms)
 GET / 200 in 31ms (next.js: 1754µs, application-code: 30ms)
 GET / 200 in 40ms (next.js: 7ms, application-code: 34ms)
[browser] THREE.Clock: This module has been deprecated. Please use THREE.Timer instead. (hooks/useShaderBackground.ts:120:21)
[?25h

> genow-wiki-frontend@0.1.0 dev
> next dev -p 3002 -p 3002

▲ Next.js 16.2.9 (Turbopack)
- Local:         http://localhost:3002
- Network:       http://10.0.41.198:3002
- Environments: .env.local
✓ Ready in 358ms
⚠ Warning: Next.js inferred your workspace root, but it may not be correct.
 We detected multiple lockfiles and selected the directory of /Users/chengwen/package-lock.json as the root directory.
 To silence this warning, set `turbopack.root` in your Next.js config, or consider removing one of the lockfiles if it's not needed.
   See https://nextjs.org/docs/app/api-reference/config/next-config-js/turbopack#root-directory for more information.
 Detected additional lockfiles: 
   * /Users/chengwen/git/genow-wiki/frontend/package-lock.json


 GET / 200 in 533ms (next.js: 340ms, application-code: 193ms)
[?25h

> genow-wiki-frontend@0.1.0 dev
> next dev -p 3002 -p 3002

▲ Next.js 16.2.9 (Turbopack)
- Local:         http://localhost:3002
- Network:       http://192.168.1.19:3002
- Environments: .env.local
✓ Ready in 430ms
⚠ Warning: Next.js inferred your workspace root, but it may not be correct.
 We detected multiple lockfiles and selected the directory of /Users/chengwen/package-lock.json as the root directory.
 To silence this warning, set `turbopack.root` in your Next.js config, or consider removing one of the lockfiles if it's not needed.
   See https://nextjs.org/docs/app/api-reference/config/next-config-js/turbopack#root-directory for more information.
 Detected additional lockfiles: 
   * /Users/chengwen/git/genow-wiki/frontend/package-lock.json


 GET / 200 in 867ms (next.js: 677ms, application-code: 190ms)
 GET / 200 in 49ms (next.js: 9ms, application-code: 40ms)
[browser] THREE.Clock: This module has been deprecated. Please use THREE.Timer instead. (hooks/useShaderBackground.ts:120:21)
 GET / 200 in 132ms (next.js: 35ms, application-code: 98ms)
[browser] THREE.Clock: This module has been deprecated. Please use THREE.Timer instead. (hooks/useShaderBackground.ts:120:21)
 GET / 200 in 147ms (next.js: 48ms, application-code: 99ms)
[browser] THREE.Clock: This module has been deprecated. Please use THREE.Timer instead. (hooks/useShaderBackground.ts:120:21)
 GET / 200 in 32ms (next.js: 3ms, application-code: 29ms)
[browser] THREE.Clock: This module has been deprecated. Please use THREE.Timer instead. (hooks/useShaderBackground.ts:120:21)
 GET / 200 in 41ms (next.js: 6ms, application-code: 34ms)
[browser] THREE.Clock: This module has been deprecated. Please use THREE.Timer instead. (hooks/useShaderBackground.ts:120:21)
 GET / 200 in 98ms (next.js: 30ms, application-code: 69ms)
[browser] THREE.Clock: This module has been deprecated. Please use THREE.Timer instead. (hooks/useShaderBackground.ts:120:21)
 GET / 200 in 109ms (next.js: 29ms, application-code: 80ms)
[browser] THREE.Clock: This module has been deprecated. Please use THREE.Timer instead. (hooks/useShaderBackground.ts:120:21)
 GET / 200 in 142ms (next.js: 37ms, application-code: 105ms)
[browser] THREE.Clock: This module has been deprecated. Please use THREE.Timer instead. (hooks/useShaderBackground.ts:120:21)
 GET / 200 in 138ms (next.js: 51ms, application-code: 87ms)
[browser] THREE.Clock: This module has been deprecated. Please use THREE.Timer instead. (hooks/useShaderBackground.ts:120:21)
[?25h
